<?xml version="1.0" encoding="UTF-8"?>
<!-- Generated by org.testng.reporters.JUnitReportReporter -->
<testsuite hostname="LAPTOP-A6EPA854" name="com.offline.TestCases.seleniumRun" tests="1" failures="0" timestamp="14 May 2021 06:20:00 GMT" time="25.544" errors="0">
  <testcase name="name" time="25.544" classname="com.offline.TestCases.seleniumRun"/>
</testsuite> <!-- com.offline.TestCases.seleniumRun -->
