<?xml version="1.0" encoding="UTF-8"?>
<!-- Generated by org.testng.reporters.JUnitReportReporter -->
<testsuite hostname="LAPTOP-A6EPA854" name="com.offline.TestCases.LogoutTest" tests="1" failures="0" timestamp="15 May 2021 14:54:21 GMT" time="4.029" errors="0">
  <testcase name="logoutmessagetest" time="4.029" classname="com.offline.TestCases.LogoutTest"/>
</testsuite> <!-- com.offline.TestCases.LogoutTest -->
