<?xml version="1.0" encoding="UTF-8"?>
<!-- Generated by org.testng.reporters.JUnitReportReporter -->
<testsuite hostname="LAPTOP-A6EPA854" name="com.offline.TestCases.Test" tests="1" failures="0" timestamp="13 May 2021 12:01:08 GMT" time="0.016" errors="0">
  <testcase name="test" time="0.016" classname="com.offline.TestCases.Test"/>
</testsuite> <!-- com.offline.TestCases.Test -->
