<?xml version="1.0" encoding="UTF-8"?>
<!-- Generated by org.testng.reporters.JUnitReportReporter -->
<testsuite hostname="LAPTOP-A6EPA854" name="com.offline.TestCases.LoginTest" tests="6" failures="0" timestamp="16 May 2021 13:18:54 GMT" time="39.157" errors="0">
  <testcase name="LoginWithDataProviderExcelTest" time="5.838" classname="com.offline.TestCases.LoginTest"/>
  <testcase name="RegisterNewMemberWithDataProviderExcelTest" time="7.520" classname="com.offline.TestCases.LoginTest"/>
  <testcase name="LoginWithDataProviderExcelTest" time="5.594" classname="com.offline.TestCases.LoginTest"/>
  <testcase name="RegisterNewMemberWithDataProviderExcelTest" time="6.770" classname="com.offline.TestCases.LoginTest"/>
  <testcase name="RegisterNewMemberWithDataProviderExcelTest" time="7.061" classname="com.offline.TestCases.LoginTest"/>
  <testcase name="LoginWithDataProviderExcelTest" time="6.374" classname="com.offline.TestCases.LoginTest"/>
</testsuite> <!-- com.offline.TestCases.LoginTest -->
