<?xml version="1.0" encoding="UTF-8"?>
<!-- Generated by org.testng.reporters.JUnitReportReporter -->
<testsuite hostname="LAPTOP-A6EPA854" name="com.offline.TestCases.DashboardTest" tests="4" failures="0" timestamp="15 May 2021 14:54:21 GMT" time="18.545" errors="0">
  <testcase name="dashboardLinkTest" time="5.262" classname="com.offline.TestCases.DashboardTest"/>
  <testcase name="LogoHeadingTest" time="4.251" classname="com.offline.TestCases.DashboardTest"/>
  <testcase name="DashboardHeadingTest" time="3.720" classname="com.offline.TestCases.DashboardTest"/>
  <testcase name="UsernameTest" time="5.312" classname="com.offline.TestCases.DashboardTest"/>
</testsuite> <!-- com.offline.TestCases.DashboardTest -->
