<?xml version="1.0" encoding="UTF-8"?>
<!-- Generated by org.testng.reporters.JUnitReportReporter -->
<testsuite hostname="LAPTOP-A6EPA854" name="com.offline.TestCases.OperatorTest" tests="3" failures="0" timestamp="16 May 2021 13:54:37 GMT" time="18.300" errors="0">
  <testcase name="OperatorsHeadingTest" time="6.534" classname="com.offline.TestCases.OperatorTest"/>
  <testcase name="Operators_ListTest" time="4.363" classname="com.offline.TestCases.OperatorTest"/>
  <testcase name="ReadOperatorListTableTest" time="7.403" classname="com.offline.TestCases.OperatorTest"/>
</testsuite> <!-- com.offline.TestCases.OperatorTest -->
